--------------- Build Started: 07/18/2018 18:37:45 Project: synth_psoc, Configuration: ARM GCC 5.4-2016-q2-update Debug ---------------
cydsfit.exe -.appdatapath "C:\Users\psmus\AppData\Local\Cypress Semiconductor\PSoC Creator\4.2" -.fdsnotice -.fdswarpdepfile=warp_dependencies.txt -.fdselabdepfile=elab_dependencies.txt -.fdsbldfile=generated_files.txt -.fdsreffile=referenced_files.txt -p E:\Documents\Engineering\Code\synth_psoc\synth_psoc.cydsn\synth_psoc.cyprj -d CY8C4248BZI-L489 -s E:\Documents\Engineering\Code\synth_psoc\synth_psoc.cydsn\Generated_Source\PSoC4 -- -yv2 -q10 -ygs -o2 -v3 -.fftcfgtype=LE
Elaborating Design...
ADD: sdb.M0061: information: Info from component: ADC_SAR_Seq_1. The actual sample rate (88888 SPS) differs from the desired sample rate (92592 SPS) due to the clock configuration in the DWR.
 * E:\Documents\Engineering\Code\synth_psoc\synth_psoc.cydsn\TopDesign\TopDesign.cysch (Instance:ADC_SAR_Seq_1)
HDL Generation...
Synthesis...
Tech Mapping...
Analog Placement...
Analog Routing...
Analog Code Generation...
Digital Placement...
Digital Routing...
Bitstream Generation...
Bitstream Verification...
Static timing analysis...
API Generation...
Dependency Generation...
Cleanup...
arm-none-eabi-gcc.exe -mcpu=cortex-m0 -mthumb -I. -IGenerated_Source\PSoC4 -Wa,-alh=.\CortexM0\ARM_GCC_541\Debug/main.lst -g -D DEBUG -D CY_CORE_ID=0 -Wall -ffunction-sections -ffat-lto-objects -Og -c main.c -o .\CortexM0\ARM_GCC_541\Debug\main.o
arm-none-eabi-gcc.exe -mcpu=cortex-m0 -mthumb -I. -IGenerated_Source\PSoC4 -Wa,-alh=.\CortexM0\ARM_GCC_541\Debug/envelope_generator.lst -g -D DEBUG -D CY_CORE_ID=0 -Wall -ffunction-sections -ffat-lto-objects -Og -c envelope_generator.c -o .\CortexM0\ARM_GCC_541\Debug\envelope_generator.o
arm-none-eabi-gcc.exe -mcpu=cortex-m0 -mthumb -I. -IGenerated_Source\PSoC4 -Wa,-alh=.\CortexM0\ARM_GCC_541\Debug/ENVELOPE_TIMER.lst -g -D DEBUG -D CY_CORE_ID=0 -Wall -ffunction-sections -ffat-lto-objects -Og -c Generated_Source\PSoC4\ENVELOPE_TIMER.c -o .\CortexM0\ARM_GCC_541\Debug\ENVELOPE_TIMER.o
arm-none-eabi-gcc.exe -mcpu=cortex-m0 -mthumb -I. -IGenerated_Source\PSoC4 -Wa,-alh=.\CortexM0\ARM_GCC_541\Debug/ENVELOPE_TIMER_PM.lst -g -D DEBUG -D CY_CORE_ID=0 -Wall -ffunction-sections -ffat-lto-objects -Og -c Generated_Source\PSoC4\ENVELOPE_TIMER_PM.c -o .\CortexM0\ARM_GCC_541\Debug\ENVELOPE_TIMER_PM.o
arm-none-eabi-ar.exe -rs .\CortexM0\ARM_GCC_541\Debug\synth_psoc.a .\CortexM0\ARM_GCC_541\Debug\PWM_1.o .\CortexM0\ARM_GCC_541\Debug\PWM_1_PM.o .\CortexM0\ARM_GCC_541\Debug\freq_pot_high.o .\CortexM0\ARM_GCC_541\Debug\freq_pot_high_PM.o .\CortexM0\ARM_GCC_541\Debug\ADC_SAR_Seq_1.o .\CortexM0\ARM_GCC_541\Debug\ADC_SAR_Seq_1_PM.o .\CortexM0\ARM_GCC_541\Debug\ADC_SAR_Seq_1_INT.o .\CortexM0\ARM_GCC_541\Debug\freq_pot_wiper.o .\CortexM0\ARM_GCC_541\Debug\freq_pot_wiper_PM.o .\CortexM0\ARM_GCC_541\Debug\pulse_width_pot_high.o .\CortexM0\ARM_GCC_541\Debug\pulse_width_pot_high_PM.o .\CortexM0\ARM_GCC_541\Debug\Clock_1.o .\CortexM0\ARM_GCC_541\Debug\square_wave_output.o .\CortexM0\ARM_GCC_541\Debug\square_wave_output_PM.o .\CortexM0\ARM_GCC_541\Debug\pulse_width_pot_low.o .\CortexM0\ARM_GCC_541\Debug\pulse_width_pot_low_PM.o .\CortexM0\ARM_GCC_541\Debug\pulse_width_pot_wiper.o .\CortexM0\ARM_GCC_541\Debug\pulse_width_pot_wiper_PM.o .\CortexM0\ARM_GCC_541\Debug\ADC_EOC_INT.o .\CortexM0\ARM_GCC_541\Debug\ADC_SAR_Seq_1_IRQ.o .\CortexM0\ARM_GCC_541\Debug\ADC_SAR_Seq_1_intClock.o .\CortexM0\ARM_GCC_541\Debug\CyFlash.o .\CortexM0\ARM_GCC_541\Debug\CyLib.o .\CortexM0\ARM_GCC_541\Debug\cyPm.o .\CortexM0\ARM_GCC_541\Debug\cyutils.o .\CortexM0\ARM_GCC_541\Debug\CyDMA.o .\CortexM0\ARM_GCC_541\Debug\CyLFClk.o .\CortexM0\ARM_GCC_541\Debug\cy_em_eeprom.o .\CortexM0\ARM_GCC_541\Debug\release_pot_wiper.o .\CortexM0\ARM_GCC_541\Debug\release_pot_wiper_PM.o .\CortexM0\ARM_GCC_541\Debug\decay_pot_wiper.o .\CortexM0\ARM_GCC_541\Debug\decay_pot_wiper_PM.o .\CortexM0\ARM_GCC_541\Debug\sustain_pot_wiper.o .\CortexM0\ARM_GCC_541\Debug\sustain_pot_wiper_PM.o .\CortexM0\ARM_GCC_541\Debug\attack_pot_wiper.o .\CortexM0\ARM_GCC_541\Debug\attack_pot_wiper_PM.o .\CortexM0\ARM_GCC_541\Debug\freq_pot_low.o .\CortexM0\ARM_GCC_541\Debug\freq_pot_low_PM.o .\CortexM0\ARM_GCC_541\Debug\attack_pot_low.o .\CortexM0\ARM_GCC_541\Debug\attack_pot_low_PM.o .\CortexM0\ARM_GCC_541\Debug\decay_pot_low.o .\CortexM0\ARM_GCC_541\Debug\decay_pot_low_PM.o .\CortexM0\ARM_GCC_541\Debug\sustain_pot_low.o .\CortexM0\ARM_GCC_541\Debug\sustain_pot_low_PM.o .\CortexM0\ARM_GCC_541\Debug\release_pot_low.o .\CortexM0\ARM_GCC_541\Debug\release_pot_low_PM.o .\CortexM0\ARM_GCC_541\Debug\attack_pot_high.o .\CortexM0\ARM_GCC_541\Debug\attack_pot_high_PM.o .\CortexM0\ARM_GCC_541\Debug\decay_pot_high.o .\CortexM0\ARM_GCC_541\Debug\decay_pot_high_PM.o .\CortexM0\ARM_GCC_541\Debug\sustain_pot_high.o .\CortexM0\ARM_GCC_541\Debug\sustain_pot_high_PM.o .\CortexM0\ARM_GCC_541\Debug\release_pot_high.o .\CortexM0\ARM_GCC_541\Debug\release_pot_high_PM.o .\CortexM0\ARM_GCC_541\Debug\led.o .\CortexM0\ARM_GCC_541\Debug\led_PM.o .\CortexM0\ARM_GCC_541\Debug\trigger_switch.o .\CortexM0\ARM_GCC_541\Debug\trigger_switch_PM.o .\CortexM0\ARM_GCC_541\Debug\envelope_trigger.o .\CortexM0\ARM_GCC_541\Debug\Clock_2.o .\CortexM0\ARM_GCC_541\Debug\Clock_3.o .\CortexM0\ARM_GCC_541\Debug\LED_PWM.o .\CortexM0\ARM_GCC_541\Debug\LED_PWM_PM.o .\CortexM0\ARM_GCC_541\Debug\ENVELOPE_TIMER.o .\CortexM0\ARM_GCC_541\Debug\ENVELOPE_TIMER_PM.o .\CortexM0\ARM_GCC_541\Debug\CyBootAsmGnu.o
arm-none-eabi-ar.exe: creating .\CortexM0\ARM_GCC_541\Debug\synth_psoc.a
arm-none-eabi-gcc.exe -Wl,--start-group -o E:\Documents\Engineering\Code\synth_psoc\synth_psoc.cydsn\CortexM0\ARM_GCC_541\Debug\synth_psoc.elf .\CortexM0\ARM_GCC_541\Debug\main.o .\CortexM0\ARM_GCC_541\Debug\envelope_generator.o .\CortexM0\ARM_GCC_541\Debug\cyfitter_cfg.o .\CortexM0\ARM_GCC_541\Debug\cymetadata.o .\CortexM0\ARM_GCC_541\Debug\Cm0Start.o .\CortexM0\ARM_GCC_541\Debug\synth_psoc.a -mcpu=cortex-m0 -mthumb -L Generated_Source\PSoC4 -Wl,-Map,.\CortexM0\ARM_GCC_541\Debug/synth_psoc.map -T Generated_Source\PSoC4\cm0gcc.ld -specs=nano.specs -Wl,--gc-sections -g -ffunction-sections -Og -ffat-lto-objects -Wl,--end-group
cyelftool.exe -C E:\Documents\Engineering\Code\synth_psoc\synth_psoc.cydsn\CortexM0\ARM_GCC_541\Debug\synth_psoc.elf --flash_row_size 256 --flash_size 262144 --flash_offset 0x00000000
No ELF section .cychecksum found, creating one
Application checksum calculated and stored in ELF section .cychecksum
Checksum calculated and stored in ELF section .cymeta
cyelftool.exe -S E:\Documents\Engineering\Code\synth_psoc\synth_psoc.cydsn\CortexM0\ARM_GCC_541\Debug\synth_psoc.elf
Flash used: 8048 of 262144 bytes (3.1%).
SRAM used: 2664 of 32768 bytes (8.1%). Stack: 2048 bytes. Heap: 128 bytes.
--------------- Build Succeeded: 07/18/2018 18:37:54 ---------------
