--------------- Clean Started: 01/03/2019 14:49:32 Project: synth_psoc, Configuration: ARM GCC 5.4-2016-q2-update Debug ---------------
Deleting file ".\CortexM0\ARM_GCC_541\Debug\main.o"
Deleting file ".\CortexM0\ARM_GCC_541\Debug\envelope_generator.o"
Deleting file ".\CortexM0\ARM_GCC_541\Debug\interrupts.o"
Deleting file ".\CortexM0\ARM_GCC_541\Debug\cyfitter_cfg.o"
Deleting file ".\CortexM0\ARM_GCC_541\Debug\cymetadata.o"
Deleting file ".\CortexM0\ARM_GCC_541\Debug\freq_pot_high.o"
Deleting file ".\CortexM0\ARM_GCC_541\Debug\freq_pot_high_PM.o"
Deleting file ".\CortexM0\ARM_GCC_541\Debug\ADC_SAR_Seq_1.o"
Deleting file ".\CortexM0\ARM_GCC_541\Debug\ADC_SAR_Seq_1_PM.o"
Deleting file ".\CortexM0\ARM_GCC_541\Debug\ADC_SAR_Seq_1_INT.o"
Deleting file ".\CortexM0\ARM_GCC_541\Debug\freq_pot_wiper.o"
Deleting file ".\CortexM0\ARM_GCC_541\Debug\freq_pot_wiper_PM.o"
Deleting file ".\CortexM0\ARM_GCC_541\Debug\pulse_width_pot_high.o"
Deleting file ".\CortexM0\ARM_GCC_541\Debug\pulse_width_pot_high_PM.o"
Deleting file ".\CortexM0\ARM_GCC_541\Debug\Clock_1.o"
Deleting file ".\CortexM0\ARM_GCC_541\Debug\square_wave_output.o"
Deleting file ".\CortexM0\ARM_GCC_541\Debug\square_wave_output_PM.o"
Deleting file ".\CortexM0\ARM_GCC_541\Debug\pulse_width_pot_low.o"
Deleting file ".\CortexM0\ARM_GCC_541\Debug\pulse_width_pot_low_PM.o"
Deleting file ".\CortexM0\ARM_GCC_541\Debug\pulse_width_pot_wiper.o"
Deleting file ".\CortexM0\ARM_GCC_541\Debug\pulse_width_pot_wiper_PM.o"
Deleting file ".\CortexM0\ARM_GCC_541\Debug\ADC_EOC_INT.o"
Deleting file ".\CortexM0\ARM_GCC_541\Debug\ADC_SAR_Seq_1_IRQ.o"
Deleting file ".\CortexM0\ARM_GCC_541\Debug\ADC_SAR_Seq_1_intClock.o"
Deleting file ".\CortexM0\ARM_GCC_541\Debug\Cm0Start.o"
Deleting file ".\CortexM0\ARM_GCC_541\Debug\CyFlash.o"
Deleting file ".\CortexM0\ARM_GCC_541\Debug\CyLib.o"
Deleting file ".\CortexM0\ARM_GCC_541\Debug\cyPm.o"
Deleting file ".\CortexM0\ARM_GCC_541\Debug\cyutils.o"
Deleting file ".\CortexM0\ARM_GCC_541\Debug\CyBootAsmGnu.o"
Deleting file ".\CortexM0\ARM_GCC_541\Debug\CyDMA.o"
Deleting file ".\CortexM0\ARM_GCC_541\Debug\CyLFClk.o"
Deleting file ".\CortexM0\ARM_GCC_541\Debug\cy_em_eeprom.o"
Deleting file ".\CortexM0\ARM_GCC_541\Debug\release_pot_wiper.o"
Deleting file ".\CortexM0\ARM_GCC_541\Debug\release_pot_wiper_PM.o"
Deleting file ".\CortexM0\ARM_GCC_541\Debug\decay_pot_wiper.o"
Deleting file ".\CortexM0\ARM_GCC_541\Debug\decay_pot_wiper_PM.o"
Deleting file ".\CortexM0\ARM_GCC_541\Debug\sustain_pot_wiper.o"
Deleting file ".\CortexM0\ARM_GCC_541\Debug\sustain_pot_wiper_PM.o"
Deleting file ".\CortexM0\ARM_GCC_541\Debug\attack_pot_wiper.o"
Deleting file ".\CortexM0\ARM_GCC_541\Debug\attack_pot_wiper_PM.o"
Deleting file ".\CortexM0\ARM_GCC_541\Debug\freq_pot_low.o"
Deleting file ".\CortexM0\ARM_GCC_541\Debug\freq_pot_low_PM.o"
Deleting file ".\CortexM0\ARM_GCC_541\Debug\attack_pot_low.o"
Deleting file ".\CortexM0\ARM_GCC_541\Debug\attack_pot_low_PM.o"
Deleting file ".\CortexM0\ARM_GCC_541\Debug\decay_pot_low.o"
Deleting file ".\CortexM0\ARM_GCC_541\Debug\decay_pot_low_PM.o"
Deleting file ".\CortexM0\ARM_GCC_541\Debug\sustain_pot_low.o"
Deleting file ".\CortexM0\ARM_GCC_541\Debug\sustain_pot_low_PM.o"
Deleting file ".\CortexM0\ARM_GCC_541\Debug\release_pot_low.o"
Deleting file ".\CortexM0\ARM_GCC_541\Debug\release_pot_low_PM.o"
Deleting file ".\CortexM0\ARM_GCC_541\Debug\attack_pot_high.o"
Deleting file ".\CortexM0\ARM_GCC_541\Debug\attack_pot_high_PM.o"
Deleting file ".\CortexM0\ARM_GCC_541\Debug\decay_pot_high.o"
Deleting file ".\CortexM0\ARM_GCC_541\Debug\decay_pot_high_PM.o"
Deleting file ".\CortexM0\ARM_GCC_541\Debug\sustain_pot_high.o"
Deleting file ".\CortexM0\ARM_GCC_541\Debug\sustain_pot_high_PM.o"
Deleting file ".\CortexM0\ARM_GCC_541\Debug\release_pot_high.o"
Deleting file ".\CortexM0\ARM_GCC_541\Debug\release_pot_high_PM.o"
Deleting file ".\CortexM0\ARM_GCC_541\Debug\led.o"
Deleting file ".\CortexM0\ARM_GCC_541\Debug\led_PM.o"
Deleting file ".\CortexM0\ARM_GCC_541\Debug\trigger_switch.o"
Deleting file ".\CortexM0\ARM_GCC_541\Debug\trigger_switch_PM.o"
Deleting file ".\CortexM0\ARM_GCC_541\Debug\envelope_trigger.o"
Deleting file ".\CortexM0\ARM_GCC_541\Debug\Clock_2.o"
Deleting file ".\CortexM0\ARM_GCC_541\Debug\Clock_3.o"
Deleting file ".\CortexM0\ARM_GCC_541\Debug\LED_PWM.o"
Deleting file ".\CortexM0\ARM_GCC_541\Debug\LED_PWM_PM.o"
Deleting file ".\CortexM0\ARM_GCC_541\Debug\ENVELOPE_TIMER.o"
Deleting file ".\CortexM0\ARM_GCC_541\Debug\ENVELOPE_TIMER_PM.o"
Deleting file ".\CortexM0\ARM_GCC_541\Debug\ENVELOPE_TIMER_INT.o"
Deleting file ".\CortexM0\ARM_GCC_541\Debug\led_1.o"
Deleting file ".\CortexM0\ARM_GCC_541\Debug\led_1_PM.o"
Deleting file ".\CortexM0\ARM_GCC_541\Debug\main_osc_PWM.o"
Deleting file ".\CortexM0\ARM_GCC_541\Debug\main_osc_PWM_PM.o"
Deleting file ".\CortexM0\ARM_GCC_541\Debug\freq_cv.o"
Deleting file ".\CortexM0\ARM_GCC_541\Debug\freq_cv_PM.o"
Deleting file ".\CortexM0\ARM_GCC_541\Debug\freq_pot_wiper_2.o"
Deleting file ".\CortexM0\ARM_GCC_541\Debug\freq_pot_wiper_2_PM.o"
Deleting file ".\CortexM0\ARM_GCC_541\Debug\freq_cv_1.o"
Deleting file ".\CortexM0\ARM_GCC_541\Debug\freq_cv_1_PM.o"
Deleting file ".\CortexM0\ARM_GCC_541\Debug\pulse_width_pot_wiper_1.o"
Deleting file ".\CortexM0\ARM_GCC_541\Debug\pulse_width_pot_wiper_1_PM.o"
Deleting file ".\CortexM0\ARM_GCC_541\Debug\freq_pot_wiper_1.o"
Deleting file ".\CortexM0\ARM_GCC_541\Debug\freq_pot_wiper_1_PM.o"
Deleting file ".\CortexM0\ARM_GCC_541\Debug\pulse_width_pot_wiper_3.o"
Deleting file ".\CortexM0\ARM_GCC_541\Debug\pulse_width_pot_wiper_3_PM.o"
Deleting file ".\CortexM0\ARM_GCC_541\Debug\freq_cv_3.o"
Deleting file ".\CortexM0\ARM_GCC_541\Debug\freq_cv_3_PM.o"
Deleting file ".\CortexM0\ARM_GCC_541\Debug\freq_pot_wiper_3.o"
Deleting file ".\CortexM0\ARM_GCC_541\Debug\freq_pot_wiper_3_PM.o"
Deleting file ".\CortexM0\ARM_GCC_541\Debug\freq_cv_2.o"
Deleting file ".\CortexM0\ARM_GCC_541\Debug\freq_cv_2_PM.o"
Deleting file ".\CortexM0\ARM_GCC_541\Debug\pulse_width_pot_wiper_2.o"
Deleting file ".\CortexM0\ARM_GCC_541\Debug\pulse_width_pot_wiper_2_PM.o"
Deleting file ".\CortexM0\ARM_GCC_541\Debug\led_scope_probe.o"
Deleting file ".\CortexM0\ARM_GCC_541\Debug\led_scope_probe_PM.o"
Deleting file ".\CortexM0\ARM_GCC_541\Debug\synth_psoc.hex"
Deleting file ".\CortexM0\ARM_GCC_541\Debug\synth_psoc.map"
Deleting file ".\synth_psoc.cycdx"
Deleting file ".\synth_psoc.svd"
Deleting file ".\synth_psoc.rpt"
Deleting file ".\synth_psoc_timing.html"
Deleting file ".\CortexM0\ARM_GCC_541\Debug\.deps\SOURCE_C__ARM_GCC_GENERIC.P"
Deleting file ".\CortexM0\ARM_GCC_541\Debug\.deps\SOURCE_ASM__ARM_GCC_GENERIC.P"
--------------- Clean Succeeded: 01/03/2019 14:49:32 ---------------
