--------------- Build Started: 01/17/2019 19:11:41 Project: synth_psoc, Configuration: ARM GCC 5.4-2016-q2-update Debug ---------------
cydsfit.exe -.appdatapath "C:\Users\psmus\AppData\Local\Cypress Semiconductor\PSoC Creator\4.2" -.fdsnotice -.fdswarpdepfile=warp_dependencies.txt -.fdselabdepfile=elab_dependencies.txt -.fdsbldfile=generated_files.txt -.fdsreffile=referenced_files.txt -p E:\Dropbox\PSYNTH\Firmware\synth_psoc.cydsn\synth_psoc.cyprj -d CY8C4246AZI-L445 -s E:\Dropbox\PSYNTH\Firmware\synth_psoc.cydsn\Generated_Source\PSoC4 -- -yv2 -q10 -ygs -o2 -v3 -.fftcfgtype=LE
Elaborating Design...
ADD: sdb.M0065: information: Analog terminal "osc_3_speed.analog_0" on TopDesign is unconnected.
 * E:\Dropbox\PSYNTH\Firmware\synth_psoc.cydsn\TopDesign\TopDesign.cysch (Signal: Net_1441)
 * E:\Dropbox\PSYNTH\Firmware\synth_psoc.cydsn\TopDesign\TopDesign.cysch (Shape_567.1)
ADD: sdb.M0065: information: Analog terminal "osc_2_speed.analog_0" on TopDesign is unconnected.
 * E:\Dropbox\PSYNTH\Firmware\synth_psoc.cydsn\TopDesign\TopDesign.cysch (Signal: Net_1442)
 * E:\Dropbox\PSYNTH\Firmware\synth_psoc.cydsn\TopDesign\TopDesign.cysch (Shape_566.1)
ADD: sdb.M0065: information: Analog terminal "osc_1_speed.analog_0" on TopDesign is unconnected.
 * E:\Dropbox\PSYNTH\Firmware\synth_psoc.cydsn\TopDesign\TopDesign.cysch (Signal: Net_1435)
 * E:\Dropbox\PSYNTH\Firmware\synth_psoc.cydsn\TopDesign\TopDesign.cysch (Shape_565.1)
ADD: sdb.M0065: information: Analog terminal "osc_0_speed.analog_0" on TopDesign is unconnected.
 * E:\Dropbox\PSYNTH\Firmware\synth_psoc.cydsn\TopDesign\TopDesign.cysch (Signal: Net_1440)
 * E:\Dropbox\PSYNTH\Firmware\synth_psoc.cydsn\TopDesign\TopDesign.cysch (Shape_564.1)
HDL Generation...
Synthesis...
Tech Mapping...
Analog Placement...
Analog Routing...
Analog Code Generation...
Digital Placement...
Digital Routing...
Bitstream Generation...
Bitstream Verification...
Static timing analysis...
API Generation...
Dependency Generation...
Cleanup...
arm-none-eabi-gcc.exe -mcpu=cortex-m0 -mthumb -I. -IGenerated_Source\PSoC4 -Wa,-alh=.\CortexM0\ARM_GCC_541\Debug/main.lst -g -D DEBUG -D CY_CORE_ID=0 -Wall -ffunction-sections -ffat-lto-objects -Og -c main.c -o .\CortexM0\ARM_GCC_541\Debug\main.o
arm-none-eabi-ar.exe -rs .\CortexM0\ARM_GCC_541\Debug\synth_psoc.a .\CortexM0\ARM_GCC_541\Debug\ADC_EOC_INT.o .\CortexM0\ARM_GCC_541\Debug\CyFlash.o .\CortexM0\ARM_GCC_541\Debug\CyLib.o .\CortexM0\ARM_GCC_541\Debug\cyPm.o .\CortexM0\ARM_GCC_541\Debug\cyutils.o .\CortexM0\ARM_GCC_541\Debug\CyDMA.o .\CortexM0\ARM_GCC_541\Debug\CyLFClk.o .\CortexM0\ARM_GCC_541\Debug\cy_em_eeprom.o .\CortexM0\ARM_GCC_541\Debug\freq_pot_wiper_2.o .\CortexM0\ARM_GCC_541\Debug\freq_pot_wiper_2_PM.o .\CortexM0\ARM_GCC_541\Debug\pulse_width_pot_wiper_1.o .\CortexM0\ARM_GCC_541\Debug\pulse_width_pot_wiper_1_PM.o .\CortexM0\ARM_GCC_541\Debug\freq_pot_wiper_1.o .\CortexM0\ARM_GCC_541\Debug\freq_pot_wiper_1_PM.o .\CortexM0\ARM_GCC_541\Debug\pulse_width_pot_wiper_3.o .\CortexM0\ARM_GCC_541\Debug\pulse_width_pot_wiper_3_PM.o .\CortexM0\ARM_GCC_541\Debug\freq_pot_wiper_3.o .\CortexM0\ARM_GCC_541\Debug\freq_pot_wiper_3_PM.o .\CortexM0\ARM_GCC_541\Debug\pulse_width_pot_wiper_2.o .\CortexM0\ARM_GCC_541\Debug\pulse_width_pot_wiper_2_PM.o .\CortexM0\ARM_GCC_541\Debug\LF.o .\CortexM0\ARM_GCC_541\Debug\PWM.o .\CortexM0\ARM_GCC_541\Debug\audio.o .\CortexM0\ARM_GCC_541\Debug\main_osc_PWM_3.o .\CortexM0\ARM_GCC_541\Debug\main_osc_PWM_3_PM.o .\CortexM0\ARM_GCC_541\Debug\square_wave_output_2.o .\CortexM0\ARM_GCC_541\Debug\square_wave_output_2_PM.o .\CortexM0\ARM_GCC_541\Debug\square_wave_output_3.o .\CortexM0\ARM_GCC_541\Debug\square_wave_output_3_PM.o .\CortexM0\ARM_GCC_541\Debug\main_osc_PWM_2.o .\CortexM0\ARM_GCC_541\Debug\main_osc_PWM_2_PM.o .\CortexM0\ARM_GCC_541\Debug\square_wave_output_1.o .\CortexM0\ARM_GCC_541\Debug\square_wave_output_1_PM.o .\CortexM0\ARM_GCC_541\Debug\main_osc_PWM_1.o .\CortexM0\ARM_GCC_541\Debug\main_osc_PWM_1_PM.o .\CortexM0\ARM_GCC_541\Debug\main_osc_PWM_0.o .\CortexM0\ARM_GCC_541\Debug\main_osc_PWM_0_PM.o .\CortexM0\ARM_GCC_541\Debug\ADC_SAR_Seq.o .\CortexM0\ARM_GCC_541\Debug\ADC_SAR_Seq_PM.o .\CortexM0\ARM_GCC_541\Debug\ADC_SAR_Seq_INT.o .\CortexM0\ARM_GCC_541\Debug\ADC_SAR_Seq_IRQ.o .\CortexM0\ARM_GCC_541\Debug\ADC_SAR_Seq_intClock.o .\CortexM0\ARM_GCC_541\Debug\osc_0_ovf.o .\CortexM0\ARM_GCC_541\Debug\osc_1_ovf.o .\CortexM0\ARM_GCC_541\Debug\osc_2_ovf.o .\CortexM0\ARM_GCC_541\Debug\osc_3_ovf.o .\CortexM0\ARM_GCC_541\Debug\CapSense_Buttons.o .\CortexM0\ARM_GCC_541\Debug\CapSense_Buttons_PM.o .\CortexM0\ARM_GCC_541\Debug\CapSense_Buttons_CSHL.o .\CortexM0\ARM_GCC_541\Debug\CapSense_Buttons_INT.o .\CortexM0\ARM_GCC_541\Debug\CapSense_Buttons_TunerHelper.o .\CortexM0\ARM_GCC_541\Debug\CapSense_Buttons_SMS.o .\CortexM0\ARM_GCC_541\Debug\CapSense_Buttons_SampleClk.o .\CortexM0\ARM_GCC_541\Debug\CapSense_Buttons_SenseClk.o .\CortexM0\ARM_GCC_541\Debug\freq_pot_wiper_0.o .\CortexM0\ARM_GCC_541\Debug\freq_pot_wiper_0_PM.o .\CortexM0\ARM_GCC_541\Debug\square_wave_output_0.o .\CortexM0\ARM_GCC_541\Debug\square_wave_output_0_PM.o .\CortexM0\ARM_GCC_541\Debug\pulse_width_pot_wiper_0.o .\CortexM0\ARM_GCC_541\Debug\pulse_width_pot_wiper_0_PM.o .\CortexM0\ARM_GCC_541\Debug\osc_1_speed.o .\CortexM0\ARM_GCC_541\Debug\osc_1_speed_PM.o .\CortexM0\ARM_GCC_541\Debug\osc_0_speed.o .\CortexM0\ARM_GCC_541\Debug\osc_0_speed_PM.o .\CortexM0\ARM_GCC_541\Debug\osc_3_speed.o .\CortexM0\ARM_GCC_541\Debug\osc_3_speed_PM.o .\CortexM0\ARM_GCC_541\Debug\osc_2_speed.o .\CortexM0\ARM_GCC_541\Debug\osc_2_speed_PM.o .\CortexM0\ARM_GCC_541\Debug\CyBootAsmGnu.o
arm-none-eabi-ar.exe: creating .\CortexM0\ARM_GCC_541\Debug\synth_psoc.a
arm-none-eabi-gcc.exe -Wl,--start-group -o E:\Dropbox\PSYNTH\Firmware\synth_psoc.cydsn\CortexM0\ARM_GCC_541\Debug\synth_psoc.elf .\CortexM0\ARM_GCC_541\Debug\main.o .\CortexM0\ARM_GCC_541\Debug\envelope_generator.o .\CortexM0\ARM_GCC_541\Debug\interrupts.o .\CortexM0\ARM_GCC_541\Debug\oscillator.o .\CortexM0\ARM_GCC_541\Debug\buttons.o .\CortexM0\ARM_GCC_541\Debug\cyfitter_cfg.o .\CortexM0\ARM_GCC_541\Debug\cymetadata.o .\CortexM0\ARM_GCC_541\Debug\Cm0Start.o .\CortexM0\ARM_GCC_541\Debug\synth_psoc.a "C:\Program Files (x86)\Cypress\PSoC Creator\4.2\PSoC Creator\psoc\content\CyComponentLibrary\CyComponentLibrary.cylib\CapSense_CSD_P4_v2_60\PSoC4\Library\CapsenseP4Library_GCC.a" -mcpu=cortex-m0 -mthumb -L Generated_Source\PSoC4 -Wl,-Map,.\CortexM0\ARM_GCC_541\Debug/synth_psoc.map -T Generated_Source\PSoC4\cm0gcc.ld -specs=nano.specs -Wl,--gc-sections -g -ffunction-sections -Og -ffat-lto-objects -Wl,--end-group
cyelftool.exe -C E:\Dropbox\PSYNTH\Firmware\synth_psoc.cydsn\CortexM0\ARM_GCC_541\Debug\synth_psoc.elf --flash_row_size 256 --flash_size 65536 --flash_offset 0x00000000
No ELF section .cychecksum found, creating one
Application checksum calculated and stored in ELF section .cychecksum
Checksum calculated and stored in ELF section .cymeta
cyelftool.exe -S E:\Dropbox\PSYNTH\Firmware\synth_psoc.cydsn\CortexM0\ARM_GCC_541\Debug\synth_psoc.elf
Flash used: 12632 of 65536 bytes (19.3%).
SRAM used: 2904 of 8192 bytes (35.4%). Stack: 2048 bytes. Heap: 128 bytes.
--------------- Build Succeeded: 01/17/2019 19:11:50 ---------------
