--------------- Rebuild Started: 01/11/2019 19:29:43 Project: synth_psoc, Configuration: ARM GCC 5.4-2016-q2-update Debug ---------------
Deleting file ".\CortexM0\ARM_GCC_541\Debug\main.o"
Deleting file ".\CortexM0\ARM_GCC_541\Debug\envelope_generator.o"
Deleting file ".\CortexM0\ARM_GCC_541\Debug\interrupts.o"
Deleting file ".\CortexM0\ARM_GCC_541\Debug\oscillator.o"
Deleting file ".\CortexM0\ARM_GCC_541\Debug\cyfitter_cfg.o"
Deleting file ".\CortexM0\ARM_GCC_541\Debug\cymetadata.o"
Deleting file ".\CortexM0\ARM_GCC_541\Debug\freq_pot_high.o"
Deleting file ".\CortexM0\ARM_GCC_541\Debug\freq_pot_high_PM.o"
Deleting file ".\CortexM0\ARM_GCC_541\Debug\ADC_SAR_Seq_1.o"
Deleting file ".\CortexM0\ARM_GCC_541\Debug\ADC_SAR_Seq_1_PM.o"
Deleting file ".\CortexM0\ARM_GCC_541\Debug\ADC_SAR_Seq_1_INT.o"
Deleting file ".\CortexM0\ARM_GCC_541\Debug\freq_pot_wiper.o"
Deleting file ".\CortexM0\ARM_GCC_541\Debug\freq_pot_wiper_PM.o"
Deleting file ".\CortexM0\ARM_GCC_541\Debug\pulse_width_pot_high.o"
Deleting file ".\CortexM0\ARM_GCC_541\Debug\pulse_width_pot_high_PM.o"
Deleting file ".\CortexM0\ARM_GCC_541\Debug\square_wave_output.o"
Deleting file ".\CortexM0\ARM_GCC_541\Debug\square_wave_output_PM.o"
Deleting file ".\CortexM0\ARM_GCC_541\Debug\pulse_width_pot_low.o"
Deleting file ".\CortexM0\ARM_GCC_541\Debug\pulse_width_pot_low_PM.o"
Deleting file ".\CortexM0\ARM_GCC_541\Debug\pulse_width_pot_wiper.o"
Deleting file ".\CortexM0\ARM_GCC_541\Debug\pulse_width_pot_wiper_PM.o"
Deleting file ".\CortexM0\ARM_GCC_541\Debug\ADC_EOC_INT.o"
Deleting file ".\CortexM0\ARM_GCC_541\Debug\ADC_SAR_Seq_1_IRQ.o"
Deleting file ".\CortexM0\ARM_GCC_541\Debug\ADC_SAR_Seq_1_intClock.o"
Deleting file ".\CortexM0\ARM_GCC_541\Debug\Cm0Start.o"
Deleting file ".\CortexM0\ARM_GCC_541\Debug\CyFlash.o"
Deleting file ".\CortexM0\ARM_GCC_541\Debug\CyLib.o"
Deleting file ".\CortexM0\ARM_GCC_541\Debug\cyPm.o"
Deleting file ".\CortexM0\ARM_GCC_541\Debug\cyutils.o"
Deleting file ".\CortexM0\ARM_GCC_541\Debug\CyBootAsmGnu.o"
Deleting file ".\CortexM0\ARM_GCC_541\Debug\CyDMA.o"
Deleting file ".\CortexM0\ARM_GCC_541\Debug\CyLFClk.o"
Deleting file ".\CortexM0\ARM_GCC_541\Debug\cy_em_eeprom.o"
Deleting file ".\CortexM0\ARM_GCC_541\Debug\freq_pot_low.o"
Deleting file ".\CortexM0\ARM_GCC_541\Debug\freq_pot_low_PM.o"
Deleting file ".\CortexM0\ARM_GCC_541\Debug\main_osc_PWM.o"
Deleting file ".\CortexM0\ARM_GCC_541\Debug\main_osc_PWM_PM.o"
Deleting file ".\CortexM0\ARM_GCC_541\Debug\freq_pot_wiper_2.o"
Deleting file ".\CortexM0\ARM_GCC_541\Debug\freq_pot_wiper_2_PM.o"
Deleting file ".\CortexM0\ARM_GCC_541\Debug\pulse_width_pot_wiper_1.o"
Deleting file ".\CortexM0\ARM_GCC_541\Debug\pulse_width_pot_wiper_1_PM.o"
Deleting file ".\CortexM0\ARM_GCC_541\Debug\freq_pot_wiper_1.o"
Deleting file ".\CortexM0\ARM_GCC_541\Debug\freq_pot_wiper_1_PM.o"
Deleting file ".\CortexM0\ARM_GCC_541\Debug\pulse_width_pot_wiper_3.o"
Deleting file ".\CortexM0\ARM_GCC_541\Debug\pulse_width_pot_wiper_3_PM.o"
Deleting file ".\CortexM0\ARM_GCC_541\Debug\freq_pot_wiper_3.o"
Deleting file ".\CortexM0\ARM_GCC_541\Debug\freq_pot_wiper_3_PM.o"
Deleting file ".\CortexM0\ARM_GCC_541\Debug\pulse_width_pot_wiper_2.o"
Deleting file ".\CortexM0\ARM_GCC_541\Debug\pulse_width_pot_wiper_2_PM.o"
Deleting file ".\CortexM0\ARM_GCC_541\Debug\RAMP_PWM.o"
Deleting file ".\CortexM0\ARM_GCC_541\Debug\RAMP_PWM_PM.o"
Deleting file ".\CortexM0\ARM_GCC_541\Debug\tri_saw_output.o"
Deleting file ".\CortexM0\ARM_GCC_541\Debug\tri_saw_output_PM.o"
Deleting file ".\CortexM0\ARM_GCC_541\Debug\RAMP_TIMER.o"
Deleting file ".\CortexM0\ARM_GCC_541\Debug\RAMP_TIMER_PM.o"
Deleting file ".\CortexM0\ARM_GCC_541\Debug\RAMP_TIMER_INT.o"
Deleting file ".\CortexM0\ARM_GCC_541\Debug\LF.o"
Deleting file ".\CortexM0\ARM_GCC_541\Debug\PWM.o"
Deleting file ".\CortexM0\ARM_GCC_541\Debug\audio.o"
Deleting file ".\CortexM0\ARM_GCC_541\Debug\main_osc_PWM_3.o"
Deleting file ".\CortexM0\ARM_GCC_541\Debug\main_osc_PWM_3_PM.o"
Deleting file ".\CortexM0\ARM_GCC_541\Debug\square_wave_output_2.o"
Deleting file ".\CortexM0\ARM_GCC_541\Debug\square_wave_output_2_PM.o"
Deleting file ".\CortexM0\ARM_GCC_541\Debug\square_wave_output_3.o"
Deleting file ".\CortexM0\ARM_GCC_541\Debug\square_wave_output_3_PM.o"
Deleting file ".\CortexM0\ARM_GCC_541\Debug\main_osc_PWM_2.o"
Deleting file ".\CortexM0\ARM_GCC_541\Debug\main_osc_PWM_2_PM.o"
Deleting file ".\CortexM0\ARM_GCC_541\Debug\square_wave_output_1.o"
Deleting file ".\CortexM0\ARM_GCC_541\Debug\square_wave_output_1_PM.o"
Deleting file ".\CortexM0\ARM_GCC_541\Debug\main_osc_PWM_1.o"
Deleting file ".\CortexM0\ARM_GCC_541\Debug\main_osc_PWM_1_PM.o"
Deleting file ".\CortexM0\ARM_GCC_541\Debug\synth_psoc.hex"
Deleting file ".\CortexM0\ARM_GCC_541\Debug\synth_psoc.elf"
Deleting file ".\CortexM0\ARM_GCC_541\Debug\synth_psoc.map"
Deleting file ".\synth_psoc.cycdx"
Deleting file ".\synth_psoc.svd"
Deleting file ".\synth_psoc.rpt"
Deleting file ".\synth_psoc_timing.html"
Deleting file ".\CortexM0\ARM_GCC_541\Debug\.deps\SOURCE_C__ARM_GCC_GENERIC.P"
Deleting file ".\CortexM0\ARM_GCC_541\Debug\.deps\SOURCE_ASM__ARM_GCC_GENERIC.P"
cydsfit.exe -.appdatapath "C:\Users\psmus\AppData\Local\Cypress Semiconductor\PSoC Creator\4.2" -.fdsnotice -.fdswarpdepfile=warp_dependencies.txt -.fdselabdepfile=elab_dependencies.txt -.fdsbldfile=generated_files.txt -.fdsreffile=referenced_files.txt -p E:\Dropbox\PSYNTH\Firmware\synth_psoc.cydsn\synth_psoc.cyprj -d CY8C4248BZI-L489 -s E:\Dropbox\PSYNTH\Firmware\synth_psoc.cydsn\Generated_Source\PSoC4 -- -yv2 -q10 -ygs -o2 -v3 -.fftcfgtype=LE
Elaborating Design...
HDL Generation...
Synthesis...
Tech Mapping...
ADD: pft.M0040: information: The following 9 pin(s) will be assigned a location by the fitter: freq_pot_high(0), freq_pot_low(0), pulse_width_pot_high(0), pulse_width_pot_low(0), pulse_width_pot_wiper(0), pulse_width_pot_wiper_1(0), pulse_width_pot_wiper_2(0), pulse_width_pot_wiper_3(0), tri_saw_output(0)
Analog Placement...
Analog Routing...
Analog Code Generation...
Digital Placement...
Digital Routing...
Bitstream Generation...
Bitstream Verification...
Static timing analysis...
API Generation...
Dependency Generation...
Cleanup...
arm-none-eabi-gcc.exe -mcpu=cortex-m0 -mthumb -I. -IGenerated_Source\PSoC4 -Wa,-alh=.\CortexM0\ARM_GCC_541\Debug/main.lst -g -D DEBUG -D CY_CORE_ID=0 -Wall -ffunction-sections -ffat-lto-objects -Og -c main.c -o .\CortexM0\ARM_GCC_541\Debug\main.o
arm-none-eabi-gcc.exe -mcpu=cortex-m0 -mthumb -I. -IGenerated_Source\PSoC4 -Wa,-alh=.\CortexM0\ARM_GCC_541\Debug/envelope_generator.lst -g -D DEBUG -D CY_CORE_ID=0 -Wall -ffunction-sections -ffat-lto-objects -Og -c envelope_generator.c -o .\CortexM0\ARM_GCC_541\Debug\envelope_generator.o
arm-none-eabi-gcc.exe -mcpu=cortex-m0 -mthumb -I. -IGenerated_Source\PSoC4 -Wa,-alh=.\CortexM0\ARM_GCC_541\Debug/interrupts.lst -g -D DEBUG -D CY_CORE_ID=0 -Wall -ffunction-sections -ffat-lto-objects -Og -c interrupts.c -o .\CortexM0\ARM_GCC_541\Debug\interrupts.o
arm-none-eabi-gcc.exe -mcpu=cortex-m0 -mthumb -I. -IGenerated_Source\PSoC4 -Wa,-alh=.\CortexM0\ARM_GCC_541\Debug/oscillator.lst -g -D DEBUG -D CY_CORE_ID=0 -Wall -ffunction-sections -ffat-lto-objects -Og -c oscillator.c -o .\CortexM0\ARM_GCC_541\Debug\oscillator.o
arm-none-eabi-gcc.exe -mcpu=cortex-m0 -mthumb -I. -IGenerated_Source\PSoC4 -Wa,-alh=.\CortexM0\ARM_GCC_541\Debug/cyfitter_cfg.lst -g -D DEBUG -D CY_CORE_ID=0 -Wall -ffunction-sections -ffat-lto-objects -Og -c Generated_Source\PSoC4\cyfitter_cfg.c -o .\CortexM0\ARM_GCC_541\Debug\cyfitter_cfg.o
arm-none-eabi-gcc.exe -mcpu=cortex-m0 -mthumb -I. -IGenerated_Source\PSoC4 -Wa,-alh=.\CortexM0\ARM_GCC_541\Debug/cymetadata.lst -g -D DEBUG -D CY_CORE_ID=0 -Wall -ffunction-sections -ffat-lto-objects -Og -c Generated_Source\PSoC4\cymetadata.c -o .\CortexM0\ARM_GCC_541\Debug\cymetadata.o
arm-none-eabi-gcc.exe -mcpu=cortex-m0 -mthumb -I. -IGenerated_Source\PSoC4 -Wa,-alh=.\CortexM0\ARM_GCC_541\Debug/freq_pot_high.lst -g -D DEBUG -D CY_CORE_ID=0 -Wall -ffunction-sections -ffat-lto-objects -Og -c Generated_Source\PSoC4\freq_pot_high.c -o .\CortexM0\ARM_GCC_541\Debug\freq_pot_high.o
arm-none-eabi-gcc.exe -mcpu=cortex-m0 -mthumb -I. -IGenerated_Source\PSoC4 -Wa,-alh=.\CortexM0\ARM_GCC_541\Debug/freq_pot_high_PM.lst -g -D DEBUG -D CY_CORE_ID=0 -Wall -ffunction-sections -ffat-lto-objects -Og -c Generated_Source\PSoC4\freq_pot_high_PM.c -o .\CortexM0\ARM_GCC_541\Debug\freq_pot_high_PM.o
arm-none-eabi-gcc.exe -mcpu=cortex-m0 -mthumb -I. -IGenerated_Source\PSoC4 -Wa,-alh=.\CortexM0\ARM_GCC_541\Debug/ADC_SAR_Seq_1.lst -g -D DEBUG -D CY_CORE_ID=0 -Wall -ffunction-sections -ffat-lto-objects -Og -c Generated_Source\PSoC4\ADC_SAR_Seq_1.c -o .\CortexM0\ARM_GCC_541\Debug\ADC_SAR_Seq_1.o
arm-none-eabi-gcc.exe -mcpu=cortex-m0 -mthumb -I. -IGenerated_Source\PSoC4 -Wa,-alh=.\CortexM0\ARM_GCC_541\Debug/ADC_SAR_Seq_1_PM.lst -g -D DEBUG -D CY_CORE_ID=0 -Wall -ffunction-sections -ffat-lto-objects -Og -c Generated_Source\PSoC4\ADC_SAR_Seq_1_PM.c -o .\CortexM0\ARM_GCC_541\Debug\ADC_SAR_Seq_1_PM.o
arm-none-eabi-gcc.exe -mcpu=cortex-m0 -mthumb -I. -IGenerated_Source\PSoC4 -Wa,-alh=.\CortexM0\ARM_GCC_541\Debug/ADC_SAR_Seq_1_INT.lst -g -D DEBUG -D CY_CORE_ID=0 -Wall -ffunction-sections -ffat-lto-objects -Og -c Generated_Source\PSoC4\ADC_SAR_Seq_1_INT.c -o .\CortexM0\ARM_GCC_541\Debug\ADC_SAR_Seq_1_INT.o
arm-none-eabi-gcc.exe -mcpu=cortex-m0 -mthumb -I. -IGenerated_Source\PSoC4 -Wa,-alh=.\CortexM0\ARM_GCC_541\Debug/freq_pot_wiper.lst -g -D DEBUG -D CY_CORE_ID=0 -Wall -ffunction-sections -ffat-lto-objects -Og -c Generated_Source\PSoC4\freq_pot_wiper.c -o .\CortexM0\ARM_GCC_541\Debug\freq_pot_wiper.o
arm-none-eabi-gcc.exe -mcpu=cortex-m0 -mthumb -I. -IGenerated_Source\PSoC4 -Wa,-alh=.\CortexM0\ARM_GCC_541\Debug/freq_pot_wiper_PM.lst -g -D DEBUG -D CY_CORE_ID=0 -Wall -ffunction-sections -ffat-lto-objects -Og -c Generated_Source\PSoC4\freq_pot_wiper_PM.c -o .\CortexM0\ARM_GCC_541\Debug\freq_pot_wiper_PM.o
arm-none-eabi-gcc.exe -mcpu=cortex-m0 -mthumb -I. -IGenerated_Source\PSoC4 -Wa,-alh=.\CortexM0\ARM_GCC_541\Debug/pulse_width_pot_high.lst -g -D DEBUG -D CY_CORE_ID=0 -Wall -ffunction-sections -ffat-lto-objects -Og -c Generated_Source\PSoC4\pulse_width_pot_high.c -o .\CortexM0\ARM_GCC_541\Debug\pulse_width_pot_high.o
arm-none-eabi-gcc.exe -mcpu=cortex-m0 -mthumb -I. -IGenerated_Source\PSoC4 -Wa,-alh=.\CortexM0\ARM_GCC_541\Debug/pulse_width_pot_high_PM.lst -g -D DEBUG -D CY_CORE_ID=0 -Wall -ffunction-sections -ffat-lto-objects -Og -c Generated_Source\PSoC4\pulse_width_pot_high_PM.c -o .\CortexM0\ARM_GCC_541\Debug\pulse_width_pot_high_PM.o
arm-none-eabi-gcc.exe -mcpu=cortex-m0 -mthumb -I. -IGenerated_Source\PSoC4 -Wa,-alh=.\CortexM0\ARM_GCC_541\Debug/square_wave_output.lst -g -D DEBUG -D CY_CORE_ID=0 -Wall -ffunction-sections -ffat-lto-objects -Og -c Generated_Source\PSoC4\square_wave_output.c -o .\CortexM0\ARM_GCC_541\Debug\square_wave_output.o
arm-none-eabi-gcc.exe -mcpu=cortex-m0 -mthumb -I. -IGenerated_Source\PSoC4 -Wa,-alh=.\CortexM0\ARM_GCC_541\Debug/square_wave_output_PM.lst -g -D DEBUG -D CY_CORE_ID=0 -Wall -ffunction-sections -ffat-lto-objects -Og -c Generated_Source\PSoC4\square_wave_output_PM.c -o .\CortexM0\ARM_GCC_541\Debug\square_wave_output_PM.o
arm-none-eabi-gcc.exe -mcpu=cortex-m0 -mthumb -I. -IGenerated_Source\PSoC4 -Wa,-alh=.\CortexM0\ARM_GCC_541\Debug/pulse_width_pot_low.lst -g -D DEBUG -D CY_CORE_ID=0 -Wall -ffunction-sections -ffat-lto-objects -Og -c Generated_Source\PSoC4\pulse_width_pot_low.c -o .\CortexM0\ARM_GCC_541\Debug\pulse_width_pot_low.o
arm-none-eabi-gcc.exe -mcpu=cortex-m0 -mthumb -I. -IGenerated_Source\PSoC4 -Wa,-alh=.\CortexM0\ARM_GCC_541\Debug/pulse_width_pot_low_PM.lst -g -D DEBUG -D CY_CORE_ID=0 -Wall -ffunction-sections -ffat-lto-objects -Og -c Generated_Source\PSoC4\pulse_width_pot_low_PM.c -o .\CortexM0\ARM_GCC_541\Debug\pulse_width_pot_low_PM.o
arm-none-eabi-gcc.exe -mcpu=cortex-m0 -mthumb -I. -IGenerated_Source\PSoC4 -Wa,-alh=.\CortexM0\ARM_GCC_541\Debug/pulse_width_pot_wiper.lst -g -D DEBUG -D CY_CORE_ID=0 -Wall -ffunction-sections -ffat-lto-objects -Og -c Generated_Source\PSoC4\pulse_width_pot_wiper.c -o .\CortexM0\ARM_GCC_541\Debug\pulse_width_pot_wiper.o
arm-none-eabi-gcc.exe -mcpu=cortex-m0 -mthumb -I. -IGenerated_Source\PSoC4 -Wa,-alh=.\CortexM0\ARM_GCC_541\Debug/pulse_width_pot_wiper_PM.lst -g -D DEBUG -D CY_CORE_ID=0 -Wall -ffunction-sections -ffat-lto-objects -Og -c Generated_Source\PSoC4\pulse_width_pot_wiper_PM.c -o .\CortexM0\ARM_GCC_541\Debug\pulse_width_pot_wiper_PM.o
arm-none-eabi-gcc.exe -mcpu=cortex-m0 -mthumb -I. -IGenerated_Source\PSoC4 -Wa,-alh=.\CortexM0\ARM_GCC_541\Debug/ADC_EOC_INT.lst -g -D DEBUG -D CY_CORE_ID=0 -Wall -ffunction-sections -ffat-lto-objects -Og -c Generated_Source\PSoC4\ADC_EOC_INT.c -o .\CortexM0\ARM_GCC_541\Debug\ADC_EOC_INT.o
arm-none-eabi-gcc.exe -mcpu=cortex-m0 -mthumb -I. -IGenerated_Source\PSoC4 -Wa,-alh=.\CortexM0\ARM_GCC_541\Debug/ADC_SAR_Seq_1_IRQ.lst -g -D DEBUG -D CY_CORE_ID=0 -Wall -ffunction-sections -ffat-lto-objects -Og -c Generated_Source\PSoC4\ADC_SAR_Seq_1_IRQ.c -o .\CortexM0\ARM_GCC_541\Debug\ADC_SAR_Seq_1_IRQ.o
arm-none-eabi-gcc.exe -mcpu=cortex-m0 -mthumb -I. -IGenerated_Source\PSoC4 -Wa,-alh=.\CortexM0\ARM_GCC_541\Debug/ADC_SAR_Seq_1_intClock.lst -g -D DEBUG -D CY_CORE_ID=0 -Wall -ffunction-sections -ffat-lto-objects -Og -c Generated_Source\PSoC4\ADC_SAR_Seq_1_intClock.c -o .\CortexM0\ARM_GCC_541\Debug\ADC_SAR_Seq_1_intClock.o
arm-none-eabi-gcc.exe -mcpu=cortex-m0 -mthumb -I. -IGenerated_Source\PSoC4 -Wa,-alh=.\CortexM0\ARM_GCC_541\Debug/Cm0Start.lst -g -D DEBUG -D CY_CORE_ID=0 -Wall -ffunction-sections -ffat-lto-objects -Og -c Generated_Source\PSoC4\Cm0Start.c -o .\CortexM0\ARM_GCC_541\Debug\Cm0Start.o
arm-none-eabi-gcc.exe -mcpu=cortex-m0 -mthumb -I. -IGenerated_Source\PSoC4 -Wa,-alh=.\CortexM0\ARM_GCC_541\Debug/CyFlash.lst -g -D DEBUG -D CY_CORE_ID=0 -Wall -ffunction-sections -ffat-lto-objects -Og -c Generated_Source\PSoC4\CyFlash.c -o .\CortexM0\ARM_GCC_541\Debug\CyFlash.o
arm-none-eabi-gcc.exe -mcpu=cortex-m0 -mthumb -I. -IGenerated_Source\PSoC4 -Wa,-alh=.\CortexM0\ARM_GCC_541\Debug/CyLib.lst -g -D DEBUG -D CY_CORE_ID=0 -Wall -ffunction-sections -ffat-lto-objects -Og -c Generated_Source\PSoC4\CyLib.c -o .\CortexM0\ARM_GCC_541\Debug\CyLib.o
arm-none-eabi-gcc.exe -mcpu=cortex-m0 -mthumb -I. -IGenerated_Source\PSoC4 -Wa,-alh=.\CortexM0\ARM_GCC_541\Debug/cyPm.lst -g -D DEBUG -D CY_CORE_ID=0 -Wall -ffunction-sections -ffat-lto-objects -Og -c Generated_Source\PSoC4\cyPm.c -o .\CortexM0\ARM_GCC_541\Debug\cyPm.o
arm-none-eabi-gcc.exe -mcpu=cortex-m0 -mthumb -I. -IGenerated_Source\PSoC4 -Wa,-alh=.\CortexM0\ARM_GCC_541\Debug/cyutils.lst -g -D DEBUG -D CY_CORE_ID=0 -Wall -ffunction-sections -ffat-lto-objects -Og -c Generated_Source\PSoC4\cyutils.c -o .\CortexM0\ARM_GCC_541\Debug\cyutils.o
arm-none-eabi-gcc.exe -mcpu=cortex-m0 -mthumb -I. -IGenerated_Source\PSoC4 -Wa,-alh=.\CortexM0\ARM_GCC_541\Debug/CyDMA.lst -g -D DEBUG -D CY_CORE_ID=0 -Wall -ffunction-sections -ffat-lto-objects -Og -c Generated_Source\PSoC4\CyDMA.c -o .\CortexM0\ARM_GCC_541\Debug\CyDMA.o
arm-none-eabi-gcc.exe -mcpu=cortex-m0 -mthumb -I. -IGenerated_Source\PSoC4 -Wa,-alh=.\CortexM0\ARM_GCC_541\Debug/CyLFClk.lst -g -D DEBUG -D CY_CORE_ID=0 -Wall -ffunction-sections -ffat-lto-objects -Og -c Generated_Source\PSoC4\CyLFClk.c -o .\CortexM0\ARM_GCC_541\Debug\CyLFClk.o
arm-none-eabi-gcc.exe -mcpu=cortex-m0 -mthumb -I. -IGenerated_Source\PSoC4 -Wa,-alh=.\CortexM0\ARM_GCC_541\Debug/cy_em_eeprom.lst -g -D DEBUG -D CY_CORE_ID=0 -Wall -ffunction-sections -ffat-lto-objects -Og -c Generated_Source\PSoC4\cy_em_eeprom.c -o .\CortexM0\ARM_GCC_541\Debug\cy_em_eeprom.o
arm-none-eabi-gcc.exe -mcpu=cortex-m0 -mthumb -I. -IGenerated_Source\PSoC4 -Wa,-alh=.\CortexM0\ARM_GCC_541\Debug/freq_pot_low.lst -g -D DEBUG -D CY_CORE_ID=0 -Wall -ffunction-sections -ffat-lto-objects -Og -c Generated_Source\PSoC4\freq_pot_low.c -o .\CortexM0\ARM_GCC_541\Debug\freq_pot_low.o
arm-none-eabi-gcc.exe -mcpu=cortex-m0 -mthumb -I. -IGenerated_Source\PSoC4 -Wa,-alh=.\CortexM0\ARM_GCC_541\Debug/freq_pot_low_PM.lst -g -D DEBUG -D CY_CORE_ID=0 -Wall -ffunction-sections -ffat-lto-objects -Og -c Generated_Source\PSoC4\freq_pot_low_PM.c -o .\CortexM0\ARM_GCC_541\Debug\freq_pot_low_PM.o
arm-none-eabi-gcc.exe -mcpu=cortex-m0 -mthumb -I. -IGenerated_Source\PSoC4 -Wa,-alh=.\CortexM0\ARM_GCC_541\Debug/main_osc_PWM.lst -g -D DEBUG -D CY_CORE_ID=0 -Wall -ffunction-sections -ffat-lto-objects -Og -c Generated_Source\PSoC4\main_osc_PWM.c -o .\CortexM0\ARM_GCC_541\Debug\main_osc_PWM.o
arm-none-eabi-gcc.exe -mcpu=cortex-m0 -mthumb -I. -IGenerated_Source\PSoC4 -Wa,-alh=.\CortexM0\ARM_GCC_541\Debug/main_osc_PWM_PM.lst -g -D DEBUG -D CY_CORE_ID=0 -Wall -ffunction-sections -ffat-lto-objects -Og -c Generated_Source\PSoC4\main_osc_PWM_PM.c -o .\CortexM0\ARM_GCC_541\Debug\main_osc_PWM_PM.o
arm-none-eabi-gcc.exe -mcpu=cortex-m0 -mthumb -I. -IGenerated_Source\PSoC4 -Wa,-alh=.\CortexM0\ARM_GCC_541\Debug/freq_pot_wiper_2.lst -g -D DEBUG -D CY_CORE_ID=0 -Wall -ffunction-sections -ffat-lto-objects -Og -c Generated_Source\PSoC4\freq_pot_wiper_2.c -o .\CortexM0\ARM_GCC_541\Debug\freq_pot_wiper_2.o
arm-none-eabi-gcc.exe -mcpu=cortex-m0 -mthumb -I. -IGenerated_Source\PSoC4 -Wa,-alh=.\CortexM0\ARM_GCC_541\Debug/freq_pot_wiper_2_PM.lst -g -D DEBUG -D CY_CORE_ID=0 -Wall -ffunction-sections -ffat-lto-objects -Og -c Generated_Source\PSoC4\freq_pot_wiper_2_PM.c -o .\CortexM0\ARM_GCC_541\Debug\freq_pot_wiper_2_PM.o
arm-none-eabi-gcc.exe -mcpu=cortex-m0 -mthumb -I. -IGenerated_Source\PSoC4 -Wa,-alh=.\CortexM0\ARM_GCC_541\Debug/pulse_width_pot_wiper_1.lst -g -D DEBUG -D CY_CORE_ID=0 -Wall -ffunction-sections -ffat-lto-objects -Og -c Generated_Source\PSoC4\pulse_width_pot_wiper_1.c -o .\CortexM0\ARM_GCC_541\Debug\pulse_width_pot_wiper_1.o
arm-none-eabi-gcc.exe -mcpu=cortex-m0 -mthumb -I. -IGenerated_Source\PSoC4 -Wa,-alh=.\CortexM0\ARM_GCC_541\Debug/pulse_width_pot_wiper_1_PM.lst -g -D DEBUG -D CY_CORE_ID=0 -Wall -ffunction-sections -ffat-lto-objects -Og -c Generated_Source\PSoC4\pulse_width_pot_wiper_1_PM.c -o .\CortexM0\ARM_GCC_541\Debug\pulse_width_pot_wiper_1_PM.o
arm-none-eabi-gcc.exe -mcpu=cortex-m0 -mthumb -I. -IGenerated_Source\PSoC4 -Wa,-alh=.\CortexM0\ARM_GCC_541\Debug/freq_pot_wiper_1.lst -g -D DEBUG -D CY_CORE_ID=0 -Wall -ffunction-sections -ffat-lto-objects -Og -c Generated_Source\PSoC4\freq_pot_wiper_1.c -o .\CortexM0\ARM_GCC_541\Debug\freq_pot_wiper_1.o
arm-none-eabi-gcc.exe -mcpu=cortex-m0 -mthumb -I. -IGenerated_Source\PSoC4 -Wa,-alh=.\CortexM0\ARM_GCC_541\Debug/freq_pot_wiper_1_PM.lst -g -D DEBUG -D CY_CORE_ID=0 -Wall -ffunction-sections -ffat-lto-objects -Og -c Generated_Source\PSoC4\freq_pot_wiper_1_PM.c -o .\CortexM0\ARM_GCC_541\Debug\freq_pot_wiper_1_PM.o
arm-none-eabi-gcc.exe -mcpu=cortex-m0 -mthumb -I. -IGenerated_Source\PSoC4 -Wa,-alh=.\CortexM0\ARM_GCC_541\Debug/pulse_width_pot_wiper_3.lst -g -D DEBUG -D CY_CORE_ID=0 -Wall -ffunction-sections -ffat-lto-objects -Og -c Generated_Source\PSoC4\pulse_width_pot_wiper_3.c -o .\CortexM0\ARM_GCC_541\Debug\pulse_width_pot_wiper_3.o
arm-none-eabi-gcc.exe -mcpu=cortex-m0 -mthumb -I. -IGenerated_Source\PSoC4 -Wa,-alh=.\CortexM0\ARM_GCC_541\Debug/pulse_width_pot_wiper_3_PM.lst -g -D DEBUG -D CY_CORE_ID=0 -Wall -ffunction-sections -ffat-lto-objects -Og -c Generated_Source\PSoC4\pulse_width_pot_wiper_3_PM.c -o .\CortexM0\ARM_GCC_541\Debug\pulse_width_pot_wiper_3_PM.o
arm-none-eabi-gcc.exe -mcpu=cortex-m0 -mthumb -I. -IGenerated_Source\PSoC4 -Wa,-alh=.\CortexM0\ARM_GCC_541\Debug/freq_pot_wiper_3.lst -g -D DEBUG -D CY_CORE_ID=0 -Wall -ffunction-sections -ffat-lto-objects -Og -c Generated_Source\PSoC4\freq_pot_wiper_3.c -o .\CortexM0\ARM_GCC_541\Debug\freq_pot_wiper_3.o
arm-none-eabi-gcc.exe -mcpu=cortex-m0 -mthumb -I. -IGenerated_Source\PSoC4 -Wa,-alh=.\CortexM0\ARM_GCC_541\Debug/freq_pot_wiper_3_PM.lst -g -D DEBUG -D CY_CORE_ID=0 -Wall -ffunction-sections -ffat-lto-objects -Og -c Generated_Source\PSoC4\freq_pot_wiper_3_PM.c -o .\CortexM0\ARM_GCC_541\Debug\freq_pot_wiper_3_PM.o
arm-none-eabi-gcc.exe -mcpu=cortex-m0 -mthumb -I. -IGenerated_Source\PSoC4 -Wa,-alh=.\CortexM0\ARM_GCC_541\Debug/pulse_width_pot_wiper_2.lst -g -D DEBUG -D CY_CORE_ID=0 -Wall -ffunction-sections -ffat-lto-objects -Og -c Generated_Source\PSoC4\pulse_width_pot_wiper_2.c -o .\CortexM0\ARM_GCC_541\Debug\pulse_width_pot_wiper_2.o
arm-none-eabi-gcc.exe -mcpu=cortex-m0 -mthumb -I. -IGenerated_Source\PSoC4 -Wa,-alh=.\CortexM0\ARM_GCC_541\Debug/pulse_width_pot_wiper_2_PM.lst -g -D DEBUG -D CY_CORE_ID=0 -Wall -ffunction-sections -ffat-lto-objects -Og -c Generated_Source\PSoC4\pulse_width_pot_wiper_2_PM.c -o .\CortexM0\ARM_GCC_541\Debug\pulse_width_pot_wiper_2_PM.o
arm-none-eabi-gcc.exe -mcpu=cortex-m0 -mthumb -I. -IGenerated_Source\PSoC4 -Wa,-alh=.\CortexM0\ARM_GCC_541\Debug/RAMP_PWM.lst -g -D DEBUG -D CY_CORE_ID=0 -Wall -ffunction-sections -ffat-lto-objects -Og -c Generated_Source\PSoC4\RAMP_PWM.c -o .\CortexM0\ARM_GCC_541\Debug\RAMP_PWM.o
arm-none-eabi-gcc.exe -mcpu=cortex-m0 -mthumb -I. -IGenerated_Source\PSoC4 -Wa,-alh=.\CortexM0\ARM_GCC_541\Debug/RAMP_PWM_PM.lst -g -D DEBUG -D CY_CORE_ID=0 -Wall -ffunction-sections -ffat-lto-objects -Og -c Generated_Source\PSoC4\RAMP_PWM_PM.c -o .\CortexM0\ARM_GCC_541\Debug\RAMP_PWM_PM.o
arm-none-eabi-gcc.exe -mcpu=cortex-m0 -mthumb -I. -IGenerated_Source\PSoC4 -Wa,-alh=.\CortexM0\ARM_GCC_541\Debug/tri_saw_output.lst -g -D DEBUG -D CY_CORE_ID=0 -Wall -ffunction-sections -ffat-lto-objects -Og -c Generated_Source\PSoC4\tri_saw_output.c -o .\CortexM0\ARM_GCC_541\Debug\tri_saw_output.o
arm-none-eabi-gcc.exe -mcpu=cortex-m0 -mthumb -I. -IGenerated_Source\PSoC4 -Wa,-alh=.\CortexM0\ARM_GCC_541\Debug/tri_saw_output_PM.lst -g -D DEBUG -D CY_CORE_ID=0 -Wall -ffunction-sections -ffat-lto-objects -Og -c Generated_Source\PSoC4\tri_saw_output_PM.c -o .\CortexM0\ARM_GCC_541\Debug\tri_saw_output_PM.o
arm-none-eabi-gcc.exe -mcpu=cortex-m0 -mthumb -I. -IGenerated_Source\PSoC4 -Wa,-alh=.\CortexM0\ARM_GCC_541\Debug/RAMP_TIMER.lst -g -D DEBUG -D CY_CORE_ID=0 -Wall -ffunction-sections -ffat-lto-objects -Og -c Generated_Source\PSoC4\RAMP_TIMER.c -o .\CortexM0\ARM_GCC_541\Debug\RAMP_TIMER.o
arm-none-eabi-gcc.exe -mcpu=cortex-m0 -mthumb -I. -IGenerated_Source\PSoC4 -Wa,-alh=.\CortexM0\ARM_GCC_541\Debug/RAMP_TIMER_PM.lst -g -D DEBUG -D CY_CORE_ID=0 -Wall -ffunction-sections -ffat-lto-objects -Og -c Generated_Source\PSoC4\RAMP_TIMER_PM.c -o .\CortexM0\ARM_GCC_541\Debug\RAMP_TIMER_PM.o
arm-none-eabi-gcc.exe -mcpu=cortex-m0 -mthumb -I. -IGenerated_Source\PSoC4 -Wa,-alh=.\CortexM0\ARM_GCC_541\Debug/RAMP_TIMER_INT.lst -g -D DEBUG -D CY_CORE_ID=0 -Wall -ffunction-sections -ffat-lto-objects -Og -c Generated_Source\PSoC4\RAMP_TIMER_INT.c -o .\CortexM0\ARM_GCC_541\Debug\RAMP_TIMER_INT.o
arm-none-eabi-gcc.exe -mcpu=cortex-m0 -mthumb -I. -IGenerated_Source\PSoC4 -Wa,-alh=.\CortexM0\ARM_GCC_541\Debug/LF.lst -g -D DEBUG -D CY_CORE_ID=0 -Wall -ffunction-sections -ffat-lto-objects -Og -c Generated_Source\PSoC4\LF.c -o .\CortexM0\ARM_GCC_541\Debug\LF.o
arm-none-eabi-gcc.exe -mcpu=cortex-m0 -mthumb -I. -IGenerated_Source\PSoC4 -Wa,-alh=.\CortexM0\ARM_GCC_541\Debug/PWM.lst -g -D DEBUG -D CY_CORE_ID=0 -Wall -ffunction-sections -ffat-lto-objects -Og -c Generated_Source\PSoC4\PWM.c -o .\CortexM0\ARM_GCC_541\Debug\PWM.o
arm-none-eabi-gcc.exe -mcpu=cortex-m0 -mthumb -I. -IGenerated_Source\PSoC4 -Wa,-alh=.\CortexM0\ARM_GCC_541\Debug/audio.lst -g -D DEBUG -D CY_CORE_ID=0 -Wall -ffunction-sections -ffat-lto-objects -Og -c Generated_Source\PSoC4\audio.c -o .\CortexM0\ARM_GCC_541\Debug\audio.o
arm-none-eabi-gcc.exe -mcpu=cortex-m0 -mthumb -I. -IGenerated_Source\PSoC4 -Wa,-alh=.\CortexM0\ARM_GCC_541\Debug/main_osc_PWM_3.lst -g -D DEBUG -D CY_CORE_ID=0 -Wall -ffunction-sections -ffat-lto-objects -Og -c Generated_Source\PSoC4\main_osc_PWM_3.c -o .\CortexM0\ARM_GCC_541\Debug\main_osc_PWM_3.o
arm-none-eabi-gcc.exe -mcpu=cortex-m0 -mthumb -I. -IGenerated_Source\PSoC4 -Wa,-alh=.\CortexM0\ARM_GCC_541\Debug/main_osc_PWM_3_PM.lst -g -D DEBUG -D CY_CORE_ID=0 -Wall -ffunction-sections -ffat-lto-objects -Og -c Generated_Source\PSoC4\main_osc_PWM_3_PM.c -o .\CortexM0\ARM_GCC_541\Debug\main_osc_PWM_3_PM.o
arm-none-eabi-gcc.exe -mcpu=cortex-m0 -mthumb -I. -IGenerated_Source\PSoC4 -Wa,-alh=.\CortexM0\ARM_GCC_541\Debug/square_wave_output_2.lst -g -D DEBUG -D CY_CORE_ID=0 -Wall -ffunction-sections -ffat-lto-objects -Og -c Generated_Source\PSoC4\square_wave_output_2.c -o .\CortexM0\ARM_GCC_541\Debug\square_wave_output_2.o
arm-none-eabi-gcc.exe -mcpu=cortex-m0 -mthumb -I. -IGenerated_Source\PSoC4 -Wa,-alh=.\CortexM0\ARM_GCC_541\Debug/square_wave_output_2_PM.lst -g -D DEBUG -D CY_CORE_ID=0 -Wall -ffunction-sections -ffat-lto-objects -Og -c Generated_Source\PSoC4\square_wave_output_2_PM.c -o .\CortexM0\ARM_GCC_541\Debug\square_wave_output_2_PM.o
arm-none-eabi-gcc.exe -mcpu=cortex-m0 -mthumb -I. -IGenerated_Source\PSoC4 -Wa,-alh=.\CortexM0\ARM_GCC_541\Debug/square_wave_output_3.lst -g -D DEBUG -D CY_CORE_ID=0 -Wall -ffunction-sections -ffat-lto-objects -Og -c Generated_Source\PSoC4\square_wave_output_3.c -o .\CortexM0\ARM_GCC_541\Debug\square_wave_output_3.o
arm-none-eabi-gcc.exe -mcpu=cortex-m0 -mthumb -I. -IGenerated_Source\PSoC4 -Wa,-alh=.\CortexM0\ARM_GCC_541\Debug/square_wave_output_3_PM.lst -g -D DEBUG -D CY_CORE_ID=0 -Wall -ffunction-sections -ffat-lto-objects -Og -c Generated_Source\PSoC4\square_wave_output_3_PM.c -o .\CortexM0\ARM_GCC_541\Debug\square_wave_output_3_PM.o
arm-none-eabi-gcc.exe -mcpu=cortex-m0 -mthumb -I. -IGenerated_Source\PSoC4 -Wa,-alh=.\CortexM0\ARM_GCC_541\Debug/main_osc_PWM_2.lst -g -D DEBUG -D CY_CORE_ID=0 -Wall -ffunction-sections -ffat-lto-objects -Og -c Generated_Source\PSoC4\main_osc_PWM_2.c -o .\CortexM0\ARM_GCC_541\Debug\main_osc_PWM_2.o
arm-none-eabi-gcc.exe -mcpu=cortex-m0 -mthumb -I. -IGenerated_Source\PSoC4 -Wa,-alh=.\CortexM0\ARM_GCC_541\Debug/main_osc_PWM_2_PM.lst -g -D DEBUG -D CY_CORE_ID=0 -Wall -ffunction-sections -ffat-lto-objects -Og -c Generated_Source\PSoC4\main_osc_PWM_2_PM.c -o .\CortexM0\ARM_GCC_541\Debug\main_osc_PWM_2_PM.o
arm-none-eabi-gcc.exe -mcpu=cortex-m0 -mthumb -I. -IGenerated_Source\PSoC4 -Wa,-alh=.\CortexM0\ARM_GCC_541\Debug/square_wave_output_1.lst -g -D DEBUG -D CY_CORE_ID=0 -Wall -ffunction-sections -ffat-lto-objects -Og -c Generated_Source\PSoC4\square_wave_output_1.c -o .\CortexM0\ARM_GCC_541\Debug\square_wave_output_1.o
arm-none-eabi-gcc.exe -mcpu=cortex-m0 -mthumb -I. -IGenerated_Source\PSoC4 -Wa,-alh=.\CortexM0\ARM_GCC_541\Debug/square_wave_output_1_PM.lst -g -D DEBUG -D CY_CORE_ID=0 -Wall -ffunction-sections -ffat-lto-objects -Og -c Generated_Source\PSoC4\square_wave_output_1_PM.c -o .\CortexM0\ARM_GCC_541\Debug\square_wave_output_1_PM.o
arm-none-eabi-gcc.exe -mcpu=cortex-m0 -mthumb -I. -IGenerated_Source\PSoC4 -Wa,-alh=.\CortexM0\ARM_GCC_541\Debug/main_osc_PWM_1.lst -g -D DEBUG -D CY_CORE_ID=0 -Wall -ffunction-sections -ffat-lto-objects -Og -c Generated_Source\PSoC4\main_osc_PWM_1.c -o .\CortexM0\ARM_GCC_541\Debug\main_osc_PWM_1.o
arm-none-eabi-gcc.exe -mcpu=cortex-m0 -mthumb -I. -IGenerated_Source\PSoC4 -Wa,-alh=.\CortexM0\ARM_GCC_541\Debug/main_osc_PWM_1_PM.lst -g -D DEBUG -D CY_CORE_ID=0 -Wall -ffunction-sections -ffat-lto-objects -Og -c Generated_Source\PSoC4\main_osc_PWM_1_PM.c -o .\CortexM0\ARM_GCC_541\Debug\main_osc_PWM_1_PM.o
arm-none-eabi-as.exe -mcpu=cortex-m0 -mthumb -I. -IGenerated_Source\PSoC4 -alh=.\CortexM0\ARM_GCC_541\Debug/CyBootAsmGnu.lst -g -W -o .\CortexM0\ARM_GCC_541\Debug\CyBootAsmGnu.o Generated_Source\PSoC4\CyBootAsmGnu.s
arm-none-eabi-ar.exe -rs .\CortexM0\ARM_GCC_541\Debug\synth_psoc.a .\CortexM0\ARM_GCC_541\Debug\freq_pot_high.o .\CortexM0\ARM_GCC_541\Debug\freq_pot_high_PM.o .\CortexM0\ARM_GCC_541\Debug\ADC_SAR_Seq_1.o .\CortexM0\ARM_GCC_541\Debug\ADC_SAR_Seq_1_PM.o .\CortexM0\ARM_GCC_541\Debug\ADC_SAR_Seq_1_INT.o .\CortexM0\ARM_GCC_541\Debug\freq_pot_wiper.o .\CortexM0\ARM_GCC_541\Debug\freq_pot_wiper_PM.o .\CortexM0\ARM_GCC_541\Debug\pulse_width_pot_high.o .\CortexM0\ARM_GCC_541\Debug\pulse_width_pot_high_PM.o .\CortexM0\ARM_GCC_541\Debug\square_wave_output.o .\CortexM0\ARM_GCC_541\Debug\square_wave_output_PM.o .\CortexM0\ARM_GCC_541\Debug\pulse_width_pot_low.o .\CortexM0\ARM_GCC_541\Debug\pulse_width_pot_low_PM.o .\CortexM0\ARM_GCC_541\Debug\pulse_width_pot_wiper.o .\CortexM0\ARM_GCC_541\Debug\pulse_width_pot_wiper_PM.o .\CortexM0\ARM_GCC_541\Debug\ADC_EOC_INT.o .\CortexM0\ARM_GCC_541\Debug\ADC_SAR_Seq_1_IRQ.o .\CortexM0\ARM_GCC_541\Debug\ADC_SAR_Seq_1_intClock.o .\CortexM0\ARM_GCC_541\Debug\CyFlash.o .\CortexM0\ARM_GCC_541\Debug\CyLib.o .\CortexM0\ARM_GCC_541\Debug\cyPm.o .\CortexM0\ARM_GCC_541\Debug\cyutils.o .\CortexM0\ARM_GCC_541\Debug\CyDMA.o .\CortexM0\ARM_GCC_541\Debug\CyLFClk.o .\CortexM0\ARM_GCC_541\Debug\cy_em_eeprom.o .\CortexM0\ARM_GCC_541\Debug\freq_pot_low.o .\CortexM0\ARM_GCC_541\Debug\freq_pot_low_PM.o .\CortexM0\ARM_GCC_541\Debug\main_osc_PWM.o .\CortexM0\ARM_GCC_541\Debug\main_osc_PWM_PM.o .\CortexM0\ARM_GCC_541\Debug\freq_pot_wiper_2.o .\CortexM0\ARM_GCC_541\Debug\freq_pot_wiper_2_PM.o .\CortexM0\ARM_GCC_541\Debug\pulse_width_pot_wiper_1.o .\CortexM0\ARM_GCC_541\Debug\pulse_width_pot_wiper_1_PM.o .\CortexM0\ARM_GCC_541\Debug\freq_pot_wiper_1.o .\CortexM0\ARM_GCC_541\Debug\freq_pot_wiper_1_PM.o .\CortexM0\ARM_GCC_541\Debug\pulse_width_pot_wiper_3.o .\CortexM0\ARM_GCC_541\Debug\pulse_width_pot_wiper_3_PM.o .\CortexM0\ARM_GCC_541\Debug\freq_pot_wiper_3.o .\CortexM0\ARM_GCC_541\Debug\freq_pot_wiper_3_PM.o .\CortexM0\ARM_GCC_541\Debug\pulse_width_pot_wiper_2.o .\CortexM0\ARM_GCC_541\Debug\pulse_width_pot_wiper_2_PM.o .\CortexM0\ARM_GCC_541\Debug\RAMP_PWM.o .\CortexM0\ARM_GCC_541\Debug\RAMP_PWM_PM.o .\CortexM0\ARM_GCC_541\Debug\tri_saw_output.o .\CortexM0\ARM_GCC_541\Debug\tri_saw_output_PM.o .\CortexM0\ARM_GCC_541\Debug\RAMP_TIMER.o .\CortexM0\ARM_GCC_541\Debug\RAMP_TIMER_PM.o .\CortexM0\ARM_GCC_541\Debug\RAMP_TIMER_INT.o .\CortexM0\ARM_GCC_541\Debug\LF.o .\CortexM0\ARM_GCC_541\Debug\PWM.o .\CortexM0\ARM_GCC_541\Debug\audio.o .\CortexM0\ARM_GCC_541\Debug\main_osc_PWM_3.o .\CortexM0\ARM_GCC_541\Debug\main_osc_PWM_3_PM.o .\CortexM0\ARM_GCC_541\Debug\square_wave_output_2.o .\CortexM0\ARM_GCC_541\Debug\square_wave_output_2_PM.o .\CortexM0\ARM_GCC_541\Debug\square_wave_output_3.o .\CortexM0\ARM_GCC_541\Debug\square_wave_output_3_PM.o .\CortexM0\ARM_GCC_541\Debug\main_osc_PWM_2.o .\CortexM0\ARM_GCC_541\Debug\main_osc_PWM_2_PM.o .\CortexM0\ARM_GCC_541\Debug\square_wave_output_1.o .\CortexM0\ARM_GCC_541\Debug\square_wave_output_1_PM.o .\CortexM0\ARM_GCC_541\Debug\main_osc_PWM_1.o .\CortexM0\ARM_GCC_541\Debug\main_osc_PWM_1_PM.o .\CortexM0\ARM_GCC_541\Debug\CyBootAsmGnu.o
arm-none-eabi-ar.exe: creating .\CortexM0\ARM_GCC_541\Debug\synth_psoc.a
arm-none-eabi-gcc.exe -Wl,--start-group -o E:\Dropbox\PSYNTH\Firmware\synth_psoc.cydsn\CortexM0\ARM_GCC_541\Debug\synth_psoc.elf .\CortexM0\ARM_GCC_541\Debug\main.o .\CortexM0\ARM_GCC_541\Debug\envelope_generator.o .\CortexM0\ARM_GCC_541\Debug\interrupts.o .\CortexM0\ARM_GCC_541\Debug\oscillator.o .\CortexM0\ARM_GCC_541\Debug\cyfitter_cfg.o .\CortexM0\ARM_GCC_541\Debug\cymetadata.o .\CortexM0\ARM_GCC_541\Debug\Cm0Start.o .\CortexM0\ARM_GCC_541\Debug\synth_psoc.a -mcpu=cortex-m0 -mthumb -L Generated_Source\PSoC4 -Wl,-Map,.\CortexM0\ARM_GCC_541\Debug/synth_psoc.map -T Generated_Source\PSoC4\cm0gcc.ld -specs=nano.specs -Wl,--gc-sections -g -ffunction-sections -Og -ffat-lto-objects -Wl,--end-group
cyelftool.exe -C E:\Dropbox\PSYNTH\Firmware\synth_psoc.cydsn\CortexM0\ARM_GCC_541\Debug\synth_psoc.elf --flash_row_size 256 --flash_size 262144 --flash_offset 0x00000000
No ELF section .cychecksum found, creating one
Application checksum calculated and stored in ELF section .cychecksum
Checksum calculated and stored in ELF section .cymeta
cyelftool.exe -S E:\Dropbox\PSYNTH\Firmware\synth_psoc.cydsn\CortexM0\ARM_GCC_541\Debug\synth_psoc.elf
Flash used: 8192 of 262144 bytes (3.1%).
SRAM used: 2696 of 32768 bytes (8.2%). Stack: 2048 bytes. Heap: 128 bytes.
--------------- Rebuild Succeeded: 01/11/2019 19:30:01 ---------------
